\BOOKMARK [1][-]{section.1}{\376\377\000I\000n\000t\000r\000o\000d\000u\000c\000t\000i\000o\000n}{}% 1
\BOOKMARK [1][-]{section.2}{\376\377\000C\000o\000n\000s\000t\000r\000u\000c\000t\000i\000o\000n\000\040\000o\000f\000\040\000a\000\040\000c\000h\000e\000m\000i\000c\000a\000l\000\040\000n\000e\000t\000w\000o\000r\000k\000\040\000w\000i\000t\000h\000\040\000r\000a\000n\000d\000o\000m\000\040\000t\000o\000p\000o\000l\000o\000g\000y}{}% 2
\BOOKMARK [2][-]{subsection.2.1}{\376\377\000S\000t\000o\000c\000h\000i\000o\000m\000e\000t\000r\000i\000c\000\040\000m\000a\000t\000r\000i\000c\000e\000s}{section.2}% 3
\BOOKMARK [2][-]{subsection.2.2}{\376\377\000A\000u\000t\000o\000n\000o\000m\000y}{section.2}% 4
\BOOKMARK [2][-]{subsection.2.3}{\376\377\000D\000i\000l\000u\000t\000i\000o\000n\000\040\000\050\000T\000O\000P\000\051}{section.2}% 5
\BOOKMARK [2][-]{subsection.2.4}{\376\377\000A\000m\000b\000i\000g\000u\000i\000t\000y}{section.2}% 6
\BOOKMARK [1][-]{section.3}{\376\377\000S\000i\000m\000u\000l\000a\000t\000i\000o\000n\000\040\000S\000e\000t\000u\000p}{}% 7
\BOOKMARK [1][-]{section.4}{\376\377\000N\000u\000m\000e\000r\000i\000c\000a\000l\000\040\000d\000e\000t\000e\000c\000t\000i\000o\000n\000\040\000o\000f\000\040\000s\000t\000o\000i\000c\000h\000i\000o\000m\000e\000t\000r\000i\000c\000\040\000a\000u\000t\000o\000c\000a\000t\000a\000l\000y\000s\000i\000s}{}% 8
\BOOKMARK [0][-]{part.1}{\376\377\000I\000\040\000t\000i\000t\000l\000e}{}% 9
\BOOKMARK [1][-]{section.5}{\376\377\000S\000t\000u\000d\000i\000e\000d\000\040\000c\000a\000s\000e\000s}{part.1}% 10
\BOOKMARK [2][-]{subsection.5.1}{\376\377\000A\000u\000t\000o\000n\000o\000m\000o\000u\000s\000\040\000n\000o\000n\000-\000a\000m\000b\000i\000g\000u\000o\000u\000s\000\040\000s\000y\000s\000t\000e\000m\000\040\000w\000i\000t\000h\000\040\000M\000A\000L}{section.5}% 11
\BOOKMARK [2][-]{subsection.5.2}{\376\377\000A\000u\000t\000o\000n\000o\000m\000o\000u\000s\000\040\000n\000o\000n\000-\000a\000m\000b\000i\000g\000u\000o\000u\000s\000\040\000s\000y\000s\000t\000e\000m\000\040\000w\000i\000t\000h\000\040\000M\000M}{section.5}% 12
\BOOKMARK [2][-]{subsection.5.3}{\376\377\000D\000i\000l\000u\000t\000e\000d\000,\000\040\000a\000u\000t\000o\000n\000o\000m\000o\000u\000s\000,\000\040\000n\000o\000n\000-\000a\000m\000b\000i\000g\000u\000o\000u\000s\000\040\000s\000y\000s\000t\000e\000m\000\040\000w\000i\000t\000h\000\040\000M\000A\000L}{section.5}% 13
\BOOKMARK [2][-]{subsection.5.4}{\376\377\000A\000u\000t\000o\000n\000o\000m\000o\000u\000s\000\040\000a\000m\000b\000i\000g\000u\000o\000u\000s\000\040\000s\000y\000s\000t\000e\000m\000\040\000w\000i\000t\000h\000\040\000M\000A\000L}{section.5}% 14
\BOOKMARK [2][-]{subsection.5.5}{\376\377\000N\000o\000n\000-\000a\000u\000t\000o\000n\000o\000m\000o\000u\000s\000\040\000n\000o\000n\000-\000a\000m\000b\000i\000g\000u\000o\000u\000s\000\040\000s\000y\000s\000t\000e\000m\000\040\000w\000i\000t\000h\000\040\000M\000A\000L}{section.5}% 15
\BOOKMARK [2][-]{subsection.5.6}{\376\377\000L\000a\000r\000g\000e\000r\000\040\000n\000e\000t\000w\000o\000r\000k\000s}{section.5}% 16
\BOOKMARK [1][-]{section.6}{\376\377\000P\000a\000r\000t\000i\000c\000u\000l\000a\000r\000\040\000c\000a\000s\000e\000s}{part.1}% 17
\BOOKMARK [2][-]{subsection.6.1}{\376\377\000O\000v\000e\000r\000a\000l\000l\000\040\000c\000o\000n\000s\000e\000r\000v\000a\000t\000i\000o\000n\000\040\000l\000a\000w\000s\000\040\000i\000n\000\040\000a\000u\000t\000o\000c\000a\000t\000a\000l\000y\000t\000i\000c\000\040\000n\000e\000t\000w\000o\000r\000k\000s}{section.6}% 18
\BOOKMARK [2][-]{subsection.6.2}{\376\377\000P\000a\000r\000t\000i\000a\000l\000\040\000c\000o\000n\000s\000e\000r\000v\000a\000t\000i\000o\000n\000\040\000l\000a\000w\000s\000\040\000i\000n\000\040\000n\000o\000n\000-\000a\000u\000t\000o\000c\000a\000t\000a\000l\000y\000t\000i\000c\000\040\000n\000e\000t\000w\000o\000r\000k\000s}{section.6}% 19
\BOOKMARK [1][-]{section.7}{\376\377\000S\000u\000c\000c\000e\000s\000s\000i\000v\000e\000\040\000i\000n\000v\000a\000s\000i\000o\000n\000s}{part.1}% 20
\BOOKMARK [2][-]{subsection.7.1}{\376\377\000R\000a\000n\000d\000o\000m\000\040\000M\000a\000t\000r\000i\000c\000e\000s\000\040\000a\000n\000d\000\040\000S\000i\000m\000u\000l\000a\000t\000i\000o\000n\000\040\000S\000e\000t\000u\000p}{section.7}% 21
\BOOKMARK [2][-]{subsection.7.2}{\376\377\000G\000r\000o\000u\000p\000s\000\040\000o\000f\000\040\000p\000a\000r\000a\000s\000i\000t\000i\000c\000\040\000i\000n\000v\000a\000d\000e\000r\000s\000:\000\040\000a\000n\000\040\000e\000x\000a\000m\000p\000l\000e}{section.7}% 22
\BOOKMARK [2][-]{subsection.7.3}{\376\377\000G\000r\000o\000u\000p\000s\000\040\000o\000f\000\040\000c\000o\000m\000p\000e\000t\000i\000t\000i\000v\000e\000\040\000i\000n\000v\000a\000d\000e\000r\000s\000:\000\040\000a\000n\000\040\000e\000x\000a\000m\000p\000l\000e}{section.7}% 23
